<?xml version="1.0" encoding="UTF-8"?>
<!-- Generated by org.testng.reporters.JUnitReportReporter -->
<testsuite skipped="0" hostname="DESKTOP-29FAU25" name="com.mypages.WebTableClass" tests="1" failures="0" timestamp="06 Sep 2019 19:07:31 GMT" time="15.037" errors="0">
  <testcase name="Webtable" time="15.037" classname="com.mypages.WebTableClass"/>
</testsuite> <!-- com.mypages.WebTableClass -->
