<?xml version="1.0" encoding="UTF-8"?>
<!-- Generated by org.testng.reporters.JUnitReportReporter -->
<testsuite skipped="3" hostname="DESKTOP-29FAU25" name="com.mypages.ParallelExecution2" tests="3" failures="0" timestamp="30 Aug 2019 18:53:38 GMT" time="11.945" errors="0">
  <testcase name="Fourth" time="11.945" classname="com.mypages.ParallelExecution2">
    <skipped/>
  </testcase> <!-- Fourth -->
  <testcase name="Fifth" time="0.000" classname="com.mypages.ParallelExecution2">
    <skipped/>
  </testcase> <!-- Fifth -->
  <testcase name="Sixth" time="0.000" classname="com.mypages.ParallelExecution2">
    <skipped/>
  </testcase> <!-- Sixth -->
</testsuite> <!-- com.mypages.ParallelExecution2 -->
