<?xml version="1.0" encoding="UTF-8"?>
<!-- Generated by org.testng.reporters.JUnitReportReporter -->
<testsuite skipped="0" hostname="DESKTOP-29FAU25" name="com.mypages.ParallelExecution1" tests="1" failures="0" timestamp="02 Sep 2019 19:32:52 GMT" time="19.114" errors="0">
  <testcase name="First" time="19.114" classname="com.mypages.ParallelExecution1"/>
</testsuite> <!-- com.mypages.ParallelExecution1 -->
